Determining if the pthread_create exist failed with the following output:
Change Dir: /home/noflyfre/AD-assignment3/3_assignment/build/CMakeFiles/CMakeTmp

Run Build Command:"/usr/bin/make" "cmTC_a7882/fast"
/usr/bin/make -f CMakeFiles/cmTC_a7882.dir/build.make CMakeFiles/cmTC_a7882.dir/build
make[1]: ingresso nella directory "/home/noflyfre/AD-assignment3/3_assignment/build/CMakeFiles/CMakeTmp"
Building C object CMakeFiles/cmTC_a7882.dir/CheckSymbolExists.c.o
/usr/bin/cc    -o CMakeFiles/cmTC_a7882.dir/CheckSymbolExists.c.o   -c /home/noflyfre/AD-assignment3/3_assignment/build/CMakeFiles/CMakeTmp/CheckSymbolExists.c
Linking C executable cmTC_a7882
/usr/bin/cmake -E cmake_link_script CMakeFiles/cmTC_a7882.dir/link.txt --verbose=1
/usr/bin/cc      -rdynamic CMakeFiles/cmTC_a7882.dir/CheckSymbolExists.c.o  -o cmTC_a7882 
CMakeFiles/cmTC_a7882.dir/CheckSymbolExists.c.o: nella funzione "main":
CheckSymbolExists.c:(.text+0x1b): riferimento non definito a "pthread_create"
collect2: error: ld returned 1 exit status
CMakeFiles/cmTC_a7882.dir/build.make:97: recipe for target 'cmTC_a7882' failed
make[1]: *** [cmTC_a7882] Error 1
make[1]: uscita dalla directory "/home/noflyfre/AD-assignment3/3_assignment/build/CMakeFiles/CMakeTmp"
Makefile:126: recipe for target 'cmTC_a7882/fast' failed
make: *** [cmTC_a7882/fast] Error 2

File /home/noflyfre/AD-assignment3/3_assignment/build/CMakeFiles/CMakeTmp/CheckSymbolExists.c:
/* */
#include <pthread.h>

int main(int argc, char** argv)
{
  (void)argv;
#ifndef pthread_create
  return ((int*)(&pthread_create))[argc];
#else
  (void)argc;
  return 0;
#endif
}

Determining if the function pthread_create exists in the pthreads failed with the following output:
Change Dir: /home/noflyfre/AD-assignment3/3_assignment/build/CMakeFiles/CMakeTmp

Run Build Command:"/usr/bin/make" "cmTC_87a05/fast"
/usr/bin/make -f CMakeFiles/cmTC_87a05.dir/build.make CMakeFiles/cmTC_87a05.dir/build
make[1]: ingresso nella directory "/home/noflyfre/AD-assignment3/3_assignment/build/CMakeFiles/CMakeTmp"
Building C object CMakeFiles/cmTC_87a05.dir/CheckFunctionExists.c.o
/usr/bin/cc   -DCHECK_FUNCTION_EXISTS=pthread_create   -o CMakeFiles/cmTC_87a05.dir/CheckFunctionExists.c.o   -c /usr/share/cmake-3.10/Modules/CheckFunctionExists.c
Linking C executable cmTC_87a05
/usr/bin/cmake -E cmake_link_script CMakeFiles/cmTC_87a05.dir/link.txt --verbose=1
/usr/bin/cc  -DCHECK_FUNCTION_EXISTS=pthread_create    -rdynamic CMakeFiles/cmTC_87a05.dir/CheckFunctionExists.c.o  -o cmTC_87a05 -lpthreads 
/usr/bin/ld: impossibile trovare -lpthreads
collect2: error: ld returned 1 exit status
CMakeFiles/cmTC_87a05.dir/build.make:97: recipe for target 'cmTC_87a05' failed
make[1]: *** [cmTC_87a05] Error 1
make[1]: uscita dalla directory "/home/noflyfre/AD-assignment3/3_assignment/build/CMakeFiles/CMakeTmp"
Makefile:126: recipe for target 'cmTC_87a05/fast' failed
make: *** [cmTC_87a05/fast] Error 2


